<?xml version="1.0" encoding="UTF-8"?>
<!-- Generated by org.testng.reporters.JUnitXMLReporter -->
<testsuite ignored="0" hostname="WA000034" failures="3" tests="26" name="Test" time="279.932" errors="0" timestamp="2023-07-04T11:36:31 IST">
  <testcase classname="com.Neckermann.TestClass.VerifyWhether_whenuserenters_invalidendpoint_unautorized_Pageshpould_Open" name="unauthorizedpage_functionality" time="6.242"/>
  <testcase classname="com.Neckermann.TestClass.VerifyWhether_clickontrustpilotonfeelthelove_on_ATOLProtected" name="ATOLProtected_clickontrustpilotonfeelthelove_Link_Functionality1" time="4.984"/>
  <testcase classname="com.Neckermann.TestClass.VerifyWhether_Useropens_AboutUs_from_Footer" name="AboutUSFunctionality_HomePage_Footer" time="3.157"/>
  <testcase classname="com.Neckermann.TestClass.Verify_The_Page_forthe_Broken_links" name="testprogram" time="22.01"/>
  <testcase classname="com.Neckermann.TestClass.Verify_the_FlashDealsVideo_functionality_onHomePage" name="FlashDealsVideo_functionality" time="4.106"/>
  <testcase classname="com.Neckermann.TestClass.VerifyThe_suscribeNewsletter_Failmessage_visibility_OnNeckermann" name="Newsletter_Homepage_Negativetestcase1_Functionality" time="3.577"/>
  <testcase classname="com.Neckermann.TestClass.VerifyWhetherthe_userclickon_ATOLProtectedmore_Link_fromthe_AtolPage" name="ATOLProtected_clickonATOL_Link_Functionality" time="6.921"/>
  <testcase classname="com.Neckermann.TestClass.Verifywhether_user_clickAllthe_Popup_on_ATOLprotecetd" name="atolprotecetdfunctionality" time="18.58"/>
  <testcase classname="com.Neckermann.TestClass.Verify_AfterpassingNullValue_InNewsletter_visibilityof_enteremailerror_InNewsletter" name="Newsletter_Homepage_Negativetestcase3_Functionality" time="32.193">
    <failure type="org.openqa.selenium.NoSuchElementException" message="no such element: Unable to locate element: {&amp;quot;method&amp;quot;:&amp;quot;xpath&amp;quot;,&amp;quot;selector&amp;quot;:&amp;quot;	//div[text()=&amp;apos;Email is required&amp;apos;]&amp;quot;}
  (Session info: chrome=114.0.5735.199)
For documentation on this error, please visit: https://selenium.dev/exceptions/#no_such_element
Build info: version: &amp;apos;4.8.1&amp;apos;, revision: &amp;apos;8ebccac989&amp;apos;
System info: os.name: &amp;apos;Windows 11&amp;apos;, os.arch: &amp;apos;amd64&amp;apos;, os.version: &amp;apos;10.0&amp;apos;, java.version: &amp;apos;17.0.5&amp;apos;
Driver info: org.openqa.selenium.chrome.ChromeDriver
Command: [bfd4fe6165889337495a5eeb2d53f1e7, findElement {using=xpath, value=	//div[text()=&amp;apos;Email is required&amp;apos;]}]
Capabilities {acceptInsecureCerts: false, browserName: chrome, browserVersion: 114.0.5735.199, chrome: {chromedriverVersion: 114.0.5735.90 (386bc09e8f4f..., userDataDir: C:\Users\PRIYAN~1\AppData\L...}, goog:chromeOptions: {debuggerAddress: localhost:57689}, networkConnectionEnabled: false, pageLoadStrategy: normal, platformName: WINDOWS, proxy: Proxy(), se:cdp: ws://localhost:57689/devtoo..., se:cdpVersion: 114.0.5735.199, setWindowRect: true, strictFileInteractability: false, timeouts: {implicit: 0, pageLoad: 300000, script: 30000}, unhandledPromptBehavior: dismiss and notify, webauthn:extension:credBlob: true, webauthn:extension:largeBlob: true, webauthn:extension:minPinLength: true, webauthn:extension:prf: true, webauthn:virtualAuthenticators: true}
Session ID: bfd4fe6165889337495a5eeb2d53f1e7">
      <![CDATA[org.openqa.selenium.NoSuchElementException: no such element: Unable to locate element: {"method":"xpath","selector":"//div[text()='Email is required']"}
  (Session info: chrome=114.0.5735.199)
For documentation on this error, please visit: https://selenium.dev/exceptions/#no_such_element
Build info: version: '4.8.1', revision: '8ebccac989'
System info: os.name: 'Windows 11', os.arch: 'amd64', os.version: '10.0', java.version: '17.0.5'
Driver info: org.openqa.selenium.chrome.ChromeDriver
Command: [bfd4fe6165889337495a5eeb2d53f1e7, findElement {using=xpath, value=//div[text()='Email is required']}]
Capabilities {acceptInsecureCerts: false, browserName: chrome, browserVersion: 114.0.5735.199, chrome: {chromedriverVersion: 114.0.5735.90 (386bc09e8f4f..., userDataDir: C:\Users\PRIYAN~1\AppData\L...}, goog:chromeOptions: {debuggerAddress: localhost:57689}, networkConnectionEnabled: false, pageLoadStrategy: normal, platformName: WINDOWS, proxy: Proxy(), se:cdp: ws://localhost:57689/devtoo..., se:cdpVersion: 114.0.5735.199, setWindowRect: true, strictFileInteractability: false, timeouts: {implicit: 0, pageLoad: 300000, script: 30000}, unhandledPromptBehavior: dismiss and notify, webauthn:extension:credBlob: true, webauthn:extension:largeBlob: true, webauthn:extension:minPinLength: true, webauthn:extension:prf: true, webauthn:virtualAuthenticators: true}
Session ID: bfd4fe6165889337495a5eeb2d53f1e7
at org.openqa.selenium.remote.codec.w3c.W3CHttpResponseCodec.createException(W3CHttpResponseCodec.java:200)
at org.openqa.selenium.remote.codec.w3c.W3CHttpResponseCodec.decode(W3CHttpResponseCodec.java:133)
at org.openqa.selenium.remote.codec.w3c.W3CHttpResponseCodec.decode(W3CHttpResponseCodec.java:53)
at org.openqa.selenium.remote.HttpCommandExecutor.execute(HttpCommandExecutor.java:184)
at org.openqa.selenium.remote.service.DriverCommandExecutor.invokeExecute(DriverCommandExecutor.java:167)
at org.openqa.selenium.remote.service.DriverCommandExecutor.execute(DriverCommandExecutor.java:142)
at org.openqa.selenium.remote.RemoteWebDriver.execute(RemoteWebDriver.java:543)
at org.openqa.selenium.remote.ElementLocation$ElementFinder$2.findElement(ElementLocation.java:162)
at org.openqa.selenium.remote.ElementLocation.findElement(ElementLocation.java:60)
at org.openqa.selenium.remote.RemoteWebDriver.findElement(RemoteWebDriver.java:352)
at org.openqa.selenium.remote.RemoteWebDriver.findElement(RemoteWebDriver.java:344)
at org.openqa.selenium.support.pagefactory.DefaultElementLocator.findElement(DefaultElementLocator.java:70)
at org.openqa.selenium.support.pagefactory.internal.LocatingElementHandler.invoke(LocatingElementHandler.java:39)
at jdk.proxy2/jdk.proxy2.$Proxy17.isDisplayed(Unknown Source)
at com.Neckermann.POMClasses.HomePOMClass.visiblityofemailisrequired_error_message(HomePOMClass.java:450)
at com.Neckermann.TestClass.Verify_AfterpassingNullValue_InNewsletter_visibilityof_enteremailerror_InNewsletter.Newsletter_Homepage_Negativetestcase3_Functionality(Verify_AfterpassingNullValue_InNewsletter_visibilityof_enteremailerror_InNewsletter.java:33)
at java.base/java.util.ArrayList.forEach(ArrayList.java:1511)
... Removed 32 stack frames]]>
    </failure>
  </testcase> <!-- Newsletter_Homepage_Negativetestcase3_Functionality -->
  <testcase classname="com.Neckermann.TestClass.VerifyWhether_Useropen_termsandconditionlink_fromunbeatableprice_onATOLPage" name="ATOLProtected_clickonunbeatableprice_Link_Functionality1" time="2.378"/>
  <testcase classname="com.Neckermann.TestClass.Verifythe_submenus_fromthe_LegalMenu__From_HamburgerMenu" name="HamburgerMenu_Legal_Functionality1" time="30.809">
    <failure type="java.lang.IndexOutOfBoundsException" message="Index 2 out of bounds for length 0">
      <![CDATA[java.lang.IndexOutOfBoundsException: Index 2 out of bounds for length 0
at java.base/jdk.internal.util.Preconditions.outOfBounds(Preconditions.java:64)
at java.base/jdk.internal.util.Preconditions.outOfBoundsCheckIndex(Preconditions.java:70)
at java.base/jdk.internal.util.Preconditions.checkIndex(Preconditions.java:266)
at java.base/java.util.Objects.checkIndex(Objects.java:359)
at java.base/java.util.ArrayList.get(ArrayList.java:427)
at org.openqa.selenium.support.pagefactory.internal.LocatingElementListHandler.invoke(LocatingElementListHandler.java:40)
at jdk.proxy2/jdk.proxy2.$Proxy18.get(Unknown Source)
at com.Neckermann.POMClasses.HomePOMClass.clickonlegalsubmenuselection(HomePOMClass.java:134)
at com.Neckermann.TestClass.Verifythe_submenus_fromthe_LegalMenu__From_HamburgerMenu.HamburgerMenu_Legal_Functionality1(Verifythe_submenus_fromthe_LegalMenu__From_HamburgerMenu.java:37)
at java.base/java.util.ArrayList.forEach(ArrayList.java:1511)
... Removed 30 stack frames]]>
    </failure>
  </testcase> <!-- HamburgerMenu_Legal_Functionality1 -->
  <testcase classname="com.Neckermann.TestClass.VerifyWhether_User_Open_Aboutus_from_Header" name="AboutUSFunctionality_HomePage_Header" time="0.152"/>
  <testcase classname="com.Neckermann.TestClass.VerifyWhether_user_select_contactus_from_hamburgermenu" name="contactusfromhamburgermenu" time="3.25"/>
  <testcase classname="com.Neckermann.TestClass.Verify_The_TrustCard_Functionality_onHome_Page" name="Trust_cards_onhomepage_Functionality1" time="0.135"/>
  <testcase classname="com.Neckermann.TestClass.VisibilityofNewsletter_and_Footer_On_Aboutus_Page" name="visiblityofNewsletter_on_Aboutus" time="0.138"/>
  <testcase classname="com.Neckermann.TestClass.Verifythe_CompanyMenu_ContactUs_From_HamburgerMenu" name="HamburgerMenu_Company_Functionality" time="5.248"/>
  <testcase classname="com.Neckermann.TestClass.VerifyWhether_fromthe_aboutusPage_User_clickon_forward_and_BackwardArrow_intheReviewSection" name="AboutuspageElement_nextbackarrow_Functionality" time="3.271"/>
  <testcase classname="com.Neckermann.TestClass.VerifyWhether_UserClickson_ContactUs_Button_from_AboutUsPage" name="AboutuspageElement_contactus_Functionality" time="2.204"/>
  <testcase classname="com.Neckermann.TestClass.VerifyThe_Reviews_functionality_on_The_HomePage" name="Review_onThe_Homepage_Functionality" time="9.749"/>
  <testcase classname="com.Neckermann.TestClass.VerfiyThe_InvalidEmail_FailureMessage_Visibility_on_Newsletter" name="Newsletter_Homepage_Negativetestcase2_Functionality" time="4.329"/>
  <testcase classname="com.Neckermann.TestClass.VerifyWhethre_User_clickonthe_Trustpilot_from_Aboutus_page" name="AboutuspageElement_Trustpilot_Functionality" time="3.637"/>
  <testcase classname="com.Neckermann.TestClass.Newsletter_and_footer_Visibility_on_ATOLPage" name="Atolprotecetdfunctionality_visiblityofNewsletter_Footer" time="0.247"/>
  <testcase classname="com.Neckermann.TestClass.VerfiyThe_Logo_Functionality_On_the_Header" name="Neckermann_Logo_Functionality" time="2.246"/>
  <testcase classname="com.Neckermann.TestClass.Verifythe_submenus_fromthe_HolidayMenu__From_HamburgerMenu" name="HamburgerMenu_Holidays_Functionality" time="3.24"/>
  <testcase classname="com.Neckermann.TestClass.VerifyThe_suscribeNewsletter_successmessage_visibility_OnNeckermann" name="Newsletter_Homepage_Functionality1" time="32.282">
    <failure type="org.openqa.selenium.NoSuchElementException" message="no such element: Unable to locate element: {&amp;quot;method&amp;quot;:&amp;quot;xpath&amp;quot;,&amp;quot;selector&amp;quot;:&amp;quot;//div[@class=&amp;apos;Toastify__toast-container Toastify__toast-container--bottom-center&amp;apos;]/div[@class=&amp;apos;Toastify__toast Toastify__toast-theme--light Toastify__toast--success Toastify__toast--close-on-click&amp;apos;]&amp;quot;}
  (Session info: chrome=114.0.5735.199)
For documentation on this error, please visit: https://selenium.dev/exceptions/#no_such_element
Build info: version: &amp;apos;4.8.1&amp;apos;, revision: &amp;apos;8ebccac989&amp;apos;
System info: os.name: &amp;apos;Windows 11&amp;apos;, os.arch: &amp;apos;amd64&amp;apos;, os.version: &amp;apos;10.0&amp;apos;, java.version: &amp;apos;17.0.5&amp;apos;
Driver info: org.openqa.selenium.chrome.ChromeDriver
Command: [20c39dbc951c52ee36fe35203a29163d, findElement {using=xpath, value=//div[@class=&amp;apos;Toastify__toast-container Toastify__toast-container--bottom-center&amp;apos;]/div[@class=&amp;apos;Toastify__toast Toastify__toast-theme--light Toastify__toast--success Toastify__toast--close-on-click&amp;apos;]}]
Capabilities {acceptInsecureCerts: false, browserName: chrome, browserVersion: 114.0.5735.199, chrome: {chromedriverVersion: 114.0.5735.90 (386bc09e8f4f..., userDataDir: C:\Users\PRIYAN~1\AppData\L...}, goog:chromeOptions: {debuggerAddress: localhost:58500}, networkConnectionEnabled: false, pageLoadStrategy: normal, platformName: WINDOWS, proxy: Proxy(), se:cdp: ws://localhost:58500/devtoo..., se:cdpVersion: 114.0.5735.199, setWindowRect: true, strictFileInteractability: false, timeouts: {implicit: 0, pageLoad: 300000, script: 30000}, unhandledPromptBehavior: dismiss and notify, webauthn:extension:credBlob: true, webauthn:extension:largeBlob: true, webauthn:extension:minPinLength: true, webauthn:extension:prf: true, webauthn:virtualAuthenticators: true}
Session ID: 20c39dbc951c52ee36fe35203a29163d">
      <![CDATA[org.openqa.selenium.NoSuchElementException: no such element: Unable to locate element: {"method":"xpath","selector":"//div[@class='Toastify__toast-container Toastify__toast-container--bottom-center']/div[@class='Toastify__toast Toastify__toast-theme--light Toastify__toast--success Toastify__toast--close-on-click']"}
  (Session info: chrome=114.0.5735.199)
For documentation on this error, please visit: https://selenium.dev/exceptions/#no_such_element
Build info: version: '4.8.1', revision: '8ebccac989'
System info: os.name: 'Windows 11', os.arch: 'amd64', os.version: '10.0', java.version: '17.0.5'
Driver info: org.openqa.selenium.chrome.ChromeDriver
Command: [20c39dbc951c52ee36fe35203a29163d, findElement {using=xpath, value=//div[@class='Toastify__toast-container Toastify__toast-container--bottom-center']/div[@class='Toastify__toast Toastify__toast-theme--light Toastify__toast--success Toastify__toast--close-on-click']}]
Capabilities {acceptInsecureCerts: false, browserName: chrome, browserVersion: 114.0.5735.199, chrome: {chromedriverVersion: 114.0.5735.90 (386bc09e8f4f..., userDataDir: C:\Users\PRIYAN~1\AppData\L...}, goog:chromeOptions: {debuggerAddress: localhost:58500}, networkConnectionEnabled: false, pageLoadStrategy: normal, platformName: WINDOWS, proxy: Proxy(), se:cdp: ws://localhost:58500/devtoo..., se:cdpVersion: 114.0.5735.199, setWindowRect: true, strictFileInteractability: false, timeouts: {implicit: 0, pageLoad: 300000, script: 30000}, unhandledPromptBehavior: dismiss and notify, webauthn:extension:credBlob: true, webauthn:extension:largeBlob: true, webauthn:extension:minPinLength: true, webauthn:extension:prf: true, webauthn:virtualAuthenticators: true}
Session ID: 20c39dbc951c52ee36fe35203a29163d
at org.openqa.selenium.remote.codec.w3c.W3CHttpResponseCodec.createException(W3CHttpResponseCodec.java:200)
at org.openqa.selenium.remote.codec.w3c.W3CHttpResponseCodec.decode(W3CHttpResponseCodec.java:133)
at org.openqa.selenium.remote.codec.w3c.W3CHttpResponseCodec.decode(W3CHttpResponseCodec.java:53)
at org.openqa.selenium.remote.HttpCommandExecutor.execute(HttpCommandExecutor.java:184)
at org.openqa.selenium.remote.service.DriverCommandExecutor.invokeExecute(DriverCommandExecutor.java:167)
at org.openqa.selenium.remote.service.DriverCommandExecutor.execute(DriverCommandExecutor.java:142)
at org.openqa.selenium.remote.RemoteWebDriver.execute(RemoteWebDriver.java:543)
at org.openqa.selenium.remote.ElementLocation$ElementFinder$2.findElement(ElementLocation.java:162)
at org.openqa.selenium.remote.ElementLocation.findElement(ElementLocation.java:60)
at org.openqa.selenium.remote.RemoteWebDriver.findElement(RemoteWebDriver.java:352)
at org.openqa.selenium.remote.RemoteWebDriver.findElement(RemoteWebDriver.java:344)
at org.openqa.selenium.support.pagefactory.DefaultElementLocator.findElement(DefaultElementLocator.java:70)
at org.openqa.selenium.support.pagefactory.internal.LocatingElementHandler.invoke(LocatingElementHandler.java:39)
at jdk.proxy2/jdk.proxy2.$Proxy17.isDisplayed(Unknown Source)
at com.Neckermann.POMClasses.HomePOMClass.visiblityoftoastsuccessmessage(HomePOMClass.java:410)
at com.Neckermann.TestClass.VerifyThe_suscribeNewsletter_successmessage_visibility_OnNeckermann.Newsletter_Homepage_Functionality1(VerifyThe_suscribeNewsletter_successmessage_visibility_OnNeckermann.java:35)
at java.base/java.util.ArrayList.forEach(ArrayList.java:1511)
... Removed 32 stack frames]]>
    </failure>
  </testcase> <!-- Newsletter_Homepage_Functionality1 -->
  <testcase classname="com.Neckermann.TestClass.VerifyWhether_userOpen_contactuslink_fromQualityassured_ATOL_Page" name="ATOLProtected_clickonunbdeatableprice_Link_Functionality" time="3.293"/>
</testsuite> <!-- Test -->
