<?xml version="1.0" encoding="UTF-8"?>
<!-- Generated by org.testng.reporters.JUnitXMLReporter -->
<testsuite ignored="0" hostname="WA000034" failures="3" tests="8" name="Test" time="117.247" errors="0" timestamp="2023-07-21T12:33:53 IST">
  <testcase classname="com.Neckermann.TestClass.Verify_the_Visibility_of_components_from_The_AllBlogPage" name="ClickOn_the_seeallblogs_fromthe_homepage" time="4.187">
    <failure type="org.openqa.selenium.ElementClickInterceptedException" message="element click intercepted: Element is not clickable at point (1241, -25)
  (Session info: chrome=115.0.5790.99)
Build info: version: &amp;apos;4.8.1&amp;apos;, revision: &amp;apos;8ebccac989&amp;apos;
System info: os.name: &amp;apos;Windows 11&amp;apos;, os.arch: &amp;apos;amd64&amp;apos;, os.version: &amp;apos;10.0&amp;apos;, java.version: &amp;apos;17.0.5&amp;apos;
Driver info: org.openqa.selenium.chrome.ChromeDriver
Command: [a80a6ed4c25004f7098b8aa4302f375d, clickElement {id=F1B031FF4DDB203777659A544D068E03_element_163}]
Capabilities {acceptInsecureCerts: false, browserName: chrome, browserVersion: 115.0.5790.99, chrome: {chromedriverVersion: 114.0.5735.90 (386bc09e8f4f..., userDataDir: C:\Users\PRIYAN~1\AppData\L...}, goog:chromeOptions: {debuggerAddress: localhost:51581}, networkConnectionEnabled: false, pageLoadStrategy: normal, platformName: WINDOWS, proxy: Proxy(), se:cdp: ws://localhost:51581/devtoo..., se:cdpVersion: 115.0.5790.99, setWindowRect: true, strictFileInteractability: false, timeouts: {implicit: 0, pageLoad: 300000, script: 30000}, unhandledPromptBehavior: dismiss and notify, webauthn:extension:credBlob: true, webauthn:extension:largeBlob: true, webauthn:extension:minPinLength: true, webauthn:extension:prf: true, webauthn:virtualAuthenticators: true}
Element: [[ChromeDriver: chrome on WINDOWS (a80a6ed4c25004f7098b8aa4302f375d)] -&amp;gt; xpath: (//a[text()=&amp;apos;see all&amp;apos;])[1]]
Session ID: a80a6ed4c25004f7098b8aa4302f375d">
      <![CDATA[org.openqa.selenium.ElementClickInterceptedException: element click intercepted: Element is not clickable at point (1241, -25)
  (Session info: chrome=115.0.5790.99)
Build info: version: '4.8.1', revision: '8ebccac989'
System info: os.name: 'Windows 11', os.arch: 'amd64', os.version: '10.0', java.version: '17.0.5'
Driver info: org.openqa.selenium.chrome.ChromeDriver
Command: [a80a6ed4c25004f7098b8aa4302f375d, clickElement {id=F1B031FF4DDB203777659A544D068E03_element_163}]
Capabilities {acceptInsecureCerts: false, browserName: chrome, browserVersion: 115.0.5790.99, chrome: {chromedriverVersion: 114.0.5735.90 (386bc09e8f4f..., userDataDir: C:\Users\PRIYAN~1\AppData\L...}, goog:chromeOptions: {debuggerAddress: localhost:51581}, networkConnectionEnabled: false, pageLoadStrategy: normal, platformName: WINDOWS, proxy: Proxy(), se:cdp: ws://localhost:51581/devtoo..., se:cdpVersion: 115.0.5790.99, setWindowRect: true, strictFileInteractability: false, timeouts: {implicit: 0, pageLoad: 300000, script: 30000}, unhandledPromptBehavior: dismiss and notify, webauthn:extension:credBlob: true, webauthn:extension:largeBlob: true, webauthn:extension:minPinLength: true, webauthn:extension:prf: true, webauthn:virtualAuthenticators: true}
Element: [[ChromeDriver: chrome on WINDOWS (a80a6ed4c25004f7098b8aa4302f375d)] -> xpath: (//a[text()='see all'])[1]]
Session ID: a80a6ed4c25004f7098b8aa4302f375d
at org.openqa.selenium.remote.codec.w3c.W3CHttpResponseCodec.createException(W3CHttpResponseCodec.java:200)
at org.openqa.selenium.remote.codec.w3c.W3CHttpResponseCodec.decode(W3CHttpResponseCodec.java:133)
at org.openqa.selenium.remote.codec.w3c.W3CHttpResponseCodec.decode(W3CHttpResponseCodec.java:53)
at org.openqa.selenium.remote.HttpCommandExecutor.execute(HttpCommandExecutor.java:184)
at org.openqa.selenium.remote.service.DriverCommandExecutor.invokeExecute(DriverCommandExecutor.java:167)
at org.openqa.selenium.remote.service.DriverCommandExecutor.execute(DriverCommandExecutor.java:142)
at org.openqa.selenium.remote.RemoteWebDriver.execute(RemoteWebDriver.java:543)
at org.openqa.selenium.remote.RemoteWebElement.execute(RemoteWebElement.java:257)
at org.openqa.selenium.remote.RemoteWebElement.click(RemoteWebElement.java:78)
at org.openqa.selenium.support.pagefactory.internal.LocatingElementHandler.invoke(LocatingElementHandler.java:52)
at jdk.proxy2/jdk.proxy2.$Proxy17.click(Unknown Source)
at com.Neckermann.POMClasses.HomePOMClass.clickonSeeAllbutton(HomePOMClass.java:803)
at com.Neckermann.TestClass.Verify_the_Visibility_of_components_from_The_AllBlogPage.ClickOn_the_seeallblogs_fromthe_homepage(Verify_the_Visibility_of_components_from_The_AllBlogPage.java:25)
at java.base/java.util.ArrayList.forEach(ArrayList.java:1511)
... Removed 36 stack frames]]>
    </failure>
  </testcase> <!-- ClickOn_the_seeallblogs_fromthe_homepage -->
  <testcase classname="com.Neckermann.TestClass.Verify_whether_the_user_should_selectthe_Back_arrow_fromThe_pagination_on_the_AllBlogPage" name="Verify_whether_the_user_should_selectthe_Back_arrow_fromThe_pagination_on_the_AllBlogPage1" time="14.516"/>
  <testcase classname="com.Neckermann.TestClass.Verify_whether_the_user_should_selectthe_forward_arrow_fromThe_pagination_on_the_AllBlogPage" name="Verify_whether_the_user_should_selectthe_forward_arrow_fromThe_pagination_on_the_AllBlogPage1" time="11.432">
    <failure type="org.openqa.selenium.ElementClickInterceptedException" message="element click intercepted: Element is not clickable at point (344, 812)
  (Session info: chrome=115.0.5790.99)
Build info: version: &amp;apos;4.8.1&amp;apos;, revision: &amp;apos;8ebccac989&amp;apos;
System info: os.name: &amp;apos;Windows 11&amp;apos;, os.arch: &amp;apos;amd64&amp;apos;, os.version: &amp;apos;10.0&amp;apos;, java.version: &amp;apos;17.0.5&amp;apos;
Driver info: org.openqa.selenium.chrome.ChromeDriver
Command: [46201c03db18b4a8065595646573f8cc, clickElement {id=EF6971F26C50052945E4CCBE4FC73C3C_element_1052}]
Capabilities {acceptInsecureCerts: false, browserName: chrome, browserVersion: 115.0.5790.99, chrome: {chromedriverVersion: 114.0.5735.90 (386bc09e8f4f..., userDataDir: C:\Users\PRIYAN~1\AppData\L...}, goog:chromeOptions: {debuggerAddress: localhost:51687}, networkConnectionEnabled: false, pageLoadStrategy: normal, platformName: WINDOWS, proxy: Proxy(), se:cdp: ws://localhost:51687/devtoo..., se:cdpVersion: 115.0.5790.99, setWindowRect: true, strictFileInteractability: false, timeouts: {implicit: 0, pageLoad: 300000, script: 30000}, unhandledPromptBehavior: dismiss and notify, webauthn:extension:credBlob: true, webauthn:extension:largeBlob: true, webauthn:extension:minPinLength: true, webauthn:extension:prf: true, webauthn:virtualAuthenticators: true}
Element: [[ChromeDriver: chrome on WINDOWS (46201c03db18b4a8065595646573f8cc)] -&amp;gt; xpath: //button[@class=&amp;apos;pagination_paginationItem__xRspD pagination_paginationItemNext__mvTid&amp;apos;]]
Session ID: 46201c03db18b4a8065595646573f8cc">
      <![CDATA[org.openqa.selenium.ElementClickInterceptedException: element click intercepted: Element is not clickable at point (344, 812)
  (Session info: chrome=115.0.5790.99)
Build info: version: '4.8.1', revision: '8ebccac989'
System info: os.name: 'Windows 11', os.arch: 'amd64', os.version: '10.0', java.version: '17.0.5'
Driver info: org.openqa.selenium.chrome.ChromeDriver
Command: [46201c03db18b4a8065595646573f8cc, clickElement {id=EF6971F26C50052945E4CCBE4FC73C3C_element_1052}]
Capabilities {acceptInsecureCerts: false, browserName: chrome, browserVersion: 115.0.5790.99, chrome: {chromedriverVersion: 114.0.5735.90 (386bc09e8f4f..., userDataDir: C:\Users\PRIYAN~1\AppData\L...}, goog:chromeOptions: {debuggerAddress: localhost:51687}, networkConnectionEnabled: false, pageLoadStrategy: normal, platformName: WINDOWS, proxy: Proxy(), se:cdp: ws://localhost:51687/devtoo..., se:cdpVersion: 115.0.5790.99, setWindowRect: true, strictFileInteractability: false, timeouts: {implicit: 0, pageLoad: 300000, script: 30000}, unhandledPromptBehavior: dismiss and notify, webauthn:extension:credBlob: true, webauthn:extension:largeBlob: true, webauthn:extension:minPinLength: true, webauthn:extension:prf: true, webauthn:virtualAuthenticators: true}
Element: [[ChromeDriver: chrome on WINDOWS (46201c03db18b4a8065595646573f8cc)] -> xpath: //button[@class='pagination_paginationItem__xRspD pagination_paginationItemNext__mvTid']]
Session ID: 46201c03db18b4a8065595646573f8cc
at org.openqa.selenium.remote.codec.w3c.W3CHttpResponseCodec.createException(W3CHttpResponseCodec.java:200)
at org.openqa.selenium.remote.codec.w3c.W3CHttpResponseCodec.decode(W3CHttpResponseCodec.java:133)
at org.openqa.selenium.remote.codec.w3c.W3CHttpResponseCodec.decode(W3CHttpResponseCodec.java:53)
at org.openqa.selenium.remote.HttpCommandExecutor.execute(HttpCommandExecutor.java:184)
at org.openqa.selenium.remote.service.DriverCommandExecutor.invokeExecute(DriverCommandExecutor.java:167)
at org.openqa.selenium.remote.service.DriverCommandExecutor.execute(DriverCommandExecutor.java:142)
at org.openqa.selenium.remote.RemoteWebDriver.execute(RemoteWebDriver.java:543)
at org.openqa.selenium.remote.RemoteWebElement.execute(RemoteWebElement.java:257)
at org.openqa.selenium.remote.RemoteWebElement.click(RemoteWebElement.java:78)
at org.openqa.selenium.support.pagefactory.internal.LocatingElementHandler.invoke(LocatingElementHandler.java:52)
at jdk.proxy2/jdk.proxy2.$Proxy17.click(Unknown Source)
at com.Neckermann.POMClasses.AllBlogPOMClass.clickonpaginationforwardarrow(AllBlogPOMClass.java:193)
at com.Neckermann.TestClass.Verify_whether_the_user_should_selectthe_forward_arrow_fromThe_pagination_on_the_AllBlogPage.Verify_whether_the_user_should_selectthe_forward_arrow_fromThe_pagination_on_the_AllBlogPage1(Verify_whether_the_user_should_selectthe_forward_arrow_fromThe_pagination_on_the_AllBlogPage.java:44)
at java.base/java.util.ArrayList.forEach(ArrayList.java:1511)
... Removed 36 stack frames]]>
    </failure>
  </testcase> <!-- Verify_whether_the_user_should_selectthe_forward_arrow_fromThe_pagination_on_the_AllBlogPage1 -->
  <testcase classname="com.Neckermann.TestClass.Verify_whether_the_user_should_selectthe_individual_Blog_on_the_AllBlogPage" name="Verify_whether_the_user_should_selectthe_individual_Blog_on_the_AllBlogPage1" time="6.248"/>
  <testcase classname="com.Neckermann.TestClass.Verify_whether_the_user_should_selectthe_destinationsfrom_moreDestination_on_the_AllBlogPage" name="Verify_whether_the_user_should_selectthe_destinationsfrom_moreDestination_on_the_AllBlogPage1" time="5.206"/>
  <testcase classname="com.Neckermann.TestClass.Verify_the_Search_functionality_on_the_AllBlogPage" name="Verify_the_Search_functionality_on_the_AllBlogPage1" time="6.307"/>
  <testcase classname="com.Neckermann.TestClass.Verify_the_Blog_filter_functionality_on_the_AllBlogPage" name="Verify_the_Blog_filter_functionality_on_the_AllBlogPage1" time="10.581"/>
  <testcase classname="com.Neckermann.TestClass.Verify_The_Breadcrumb_Functionality_on_AllBlogPage" name="Verify_The_Breadcrumb_Functionality_on_AllBlogPage1" time="4.137">
    <failure type="org.openqa.selenium.ElementClickInterceptedException" message="element click intercepted: Element is not clickable at point (1241, -24)
  (Session info: chrome=115.0.5790.99)
Build info: version: &amp;apos;4.8.1&amp;apos;, revision: &amp;apos;8ebccac989&amp;apos;
System info: os.name: &amp;apos;Windows 11&amp;apos;, os.arch: &amp;apos;amd64&amp;apos;, os.version: &amp;apos;10.0&amp;apos;, java.version: &amp;apos;17.0.5&amp;apos;
Driver info: org.openqa.selenium.chrome.ChromeDriver
Command: [885a696de081ac5bdb73daba4f9accff, clickElement {id=1FA40F76E3AEDDD934C3B60086990572_element_162}]
Capabilities {acceptInsecureCerts: false, browserName: chrome, browserVersion: 115.0.5790.99, chrome: {chromedriverVersion: 114.0.5735.90 (386bc09e8f4f..., userDataDir: C:\Users\PRIYAN~1\AppData\L...}, goog:chromeOptions: {debuggerAddress: localhost:51936}, networkConnectionEnabled: false, pageLoadStrategy: normal, platformName: WINDOWS, proxy: Proxy(), se:cdp: ws://localhost:51936/devtoo..., se:cdpVersion: 115.0.5790.99, setWindowRect: true, strictFileInteractability: false, timeouts: {implicit: 0, pageLoad: 300000, script: 30000}, unhandledPromptBehavior: dismiss and notify, webauthn:extension:credBlob: true, webauthn:extension:largeBlob: true, webauthn:extension:minPinLength: true, webauthn:extension:prf: true, webauthn:virtualAuthenticators: true}
Element: [[ChromeDriver: chrome on WINDOWS (885a696de081ac5bdb73daba4f9accff)] -&amp;gt; xpath: (//a[text()=&amp;apos;see all&amp;apos;])[1]]
Session ID: 885a696de081ac5bdb73daba4f9accff">
      <![CDATA[org.openqa.selenium.ElementClickInterceptedException: element click intercepted: Element is not clickable at point (1241, -24)
  (Session info: chrome=115.0.5790.99)
Build info: version: '4.8.1', revision: '8ebccac989'
System info: os.name: 'Windows 11', os.arch: 'amd64', os.version: '10.0', java.version: '17.0.5'
Driver info: org.openqa.selenium.chrome.ChromeDriver
Command: [885a696de081ac5bdb73daba4f9accff, clickElement {id=1FA40F76E3AEDDD934C3B60086990572_element_162}]
Capabilities {acceptInsecureCerts: false, browserName: chrome, browserVersion: 115.0.5790.99, chrome: {chromedriverVersion: 114.0.5735.90 (386bc09e8f4f..., userDataDir: C:\Users\PRIYAN~1\AppData\L...}, goog:chromeOptions: {debuggerAddress: localhost:51936}, networkConnectionEnabled: false, pageLoadStrategy: normal, platformName: WINDOWS, proxy: Proxy(), se:cdp: ws://localhost:51936/devtoo..., se:cdpVersion: 115.0.5790.99, setWindowRect: true, strictFileInteractability: false, timeouts: {implicit: 0, pageLoad: 300000, script: 30000}, unhandledPromptBehavior: dismiss and notify, webauthn:extension:credBlob: true, webauthn:extension:largeBlob: true, webauthn:extension:minPinLength: true, webauthn:extension:prf: true, webauthn:virtualAuthenticators: true}
Element: [[ChromeDriver: chrome on WINDOWS (885a696de081ac5bdb73daba4f9accff)] -> xpath: (//a[text()='see all'])[1]]
Session ID: 885a696de081ac5bdb73daba4f9accff
at org.openqa.selenium.remote.codec.w3c.W3CHttpResponseCodec.createException(W3CHttpResponseCodec.java:200)
at org.openqa.selenium.remote.codec.w3c.W3CHttpResponseCodec.decode(W3CHttpResponseCodec.java:133)
at org.openqa.selenium.remote.codec.w3c.W3CHttpResponseCodec.decode(W3CHttpResponseCodec.java:53)
at org.openqa.selenium.remote.HttpCommandExecutor.execute(HttpCommandExecutor.java:184)
at org.openqa.selenium.remote.service.DriverCommandExecutor.invokeExecute(DriverCommandExecutor.java:167)
at org.openqa.selenium.remote.service.DriverCommandExecutor.execute(DriverCommandExecutor.java:142)
at org.openqa.selenium.remote.RemoteWebDriver.execute(RemoteWebDriver.java:543)
at org.openqa.selenium.remote.RemoteWebElement.execute(RemoteWebElement.java:257)
at org.openqa.selenium.remote.RemoteWebElement.click(RemoteWebElement.java:78)
at org.openqa.selenium.support.pagefactory.internal.LocatingElementHandler.invoke(LocatingElementHandler.java:52)
at jdk.proxy2/jdk.proxy2.$Proxy17.click(Unknown Source)
at com.Neckermann.POMClasses.HomePOMClass.clickonSeeAllbutton(HomePOMClass.java:803)
at com.Neckermann.TestClass.Verify_The_Breadcrumb_Functionality_on_AllBlogPage.Verify_The_Breadcrumb_Functionality_on_AllBlogPage1(Verify_The_Breadcrumb_Functionality_on_AllBlogPage.java:24)
at java.base/java.util.ArrayList.forEach(ArrayList.java:1511)
... Removed 35 stack frames]]>
    </failure>
  </testcase> <!-- Verify_The_Breadcrumb_Functionality_on_AllBlogPage1 -->
</testsuite> <!-- Test -->
