<?xml version="1.0" encoding="UTF-8"?>
<!-- Generated by org.testng.reporters.JUnitXMLReporter -->
<testsuite ignored="0" hostname="WA000034" failures="1" tests="3" name="Test" time="34.001" errors="0" timestamp="2023-06-15T16:32:07 IST">
  <testcase classname="com.Neckermann.TestClass.Footer_logo_visiblity_Functionality" name="Footer_address_Functionality" time="1.092">
    <failure type="java.lang.AssertionError" message="expected [Neckermann Travel
1st Floor, Brunswick House
Regent Park, 297 Kingston Road
Leatherhead, Surrey. KT22 7LU] but found [Neckermann Travel
1st Floor, Brunswick House
Regent Park, 297 Kingston Road
Leatherhead, Surrey. KT22 7LU]">
      <![CDATA[java.lang.AssertionError: expected [Neckermann Travel
1st Floor, Brunswick House
Regent Park, 297 Kingston Road
Leatherhead, Surrey. KT22 7LU] but found [Neckermann Travel
1st Floor, Brunswick House
Regent Park, 297 Kingston Road
Leatherhead, Surrey. KT22 7LU]
at com.Neckermann.TestClass.Footer_logo_visiblity_Functionality.Footer_address_Functionality(Footer_logo_visiblity_Functionality.java:71)
at java.base/java.util.concurrent.ThreadPoolExecutor.runWorker(ThreadPoolExecutor.java:1136)
at java.base/java.util.concurrent.ThreadPoolExecutor$Worker.run(ThreadPoolExecutor.java:635)
at java.base/java.lang.Thread.run(Thread.java:833)
... Removed 18 stack frames]]>
    </failure>
  </testcase> <!-- Footer_address_Functionality -->
  <testcase classname="com.Neckermann.TestClass.Footer_logo_visiblity_Functionality" name="Footer_clicklogo_Functionality" time="2.139"/>
  <testcase classname="com.Neckermann.TestClass.Footer_logo_visiblity_Functionality" name="Footer_logo_visiblity_Functionality" time="1.124"/>
</testsuite> <!-- Test -->
