<?xml version="1.0" encoding="UTF-8"?>
<!-- Generated by org.testng.reporters.JUnitReportReporter -->
<testsuite hostname="WA000034" failures="1" tests="13" name="com.Neckermann.TestClass.Footer__Functionality" time="8.667" errors="0" timestamp="2023-06-20T10:48:51 IST" skipped="12">
  <testcase classname="com.Neckermann.TestClass.Footer__Functionality" name="Footer_address_Functionality" time="8.667">
    <failure message="expected [Neckermann Travel
1st Floor, Brunswick House
Regent Park, 297 Kingston Road
Leatherhead, Surrey. KT22 7LU] but found [Neckermann Travel
1st Floor, Brunswick House
Regent Park, 297 Kingston Road
Leatherhead, Surrey. KT22 7LU]" type="java.lang.AssertionError">
      <![CDATA[java.lang.AssertionError: expected [Neckermann Travel
1st Floor, Brunswick House
Regent Park, 297 Kingston Road
Leatherhead, Surrey. KT22 7LU] but found [Neckermann Travel
1st Floor, Brunswick House
Regent Park, 297 Kingston Road
Leatherhead, Surrey. KT22 7LU]
at org.testng.Assert.fail(Assert.java:99)
at org.testng.Assert.failNotEquals(Assert.java:1037)
at org.testng.Assert.assertEqualsImpl(Assert.java:140)
at org.testng.Assert.assertEquals(Assert.java:122)
at org.testng.Assert.assertEquals(Assert.java:629)
at org.testng.Assert.assertEquals(Assert.java:639)
at com.Neckermann.TestClass.Footer__Functionality.Footer_address_Functionality(Footer__Functionality.java:104)
at java.base/jdk.internal.reflect.NativeMethodAccessorImpl.invoke0(Native Method)
at java.base/jdk.internal.reflect.NativeMethodAccessorImpl.invoke(NativeMethodAccessorImpl.java:77)
at java.base/jdk.internal.reflect.DelegatingMethodAccessorImpl.invoke(DelegatingMethodAccessorImpl.java:43)
at java.base/java.lang.reflect.Method.invoke(Method.java:568)
at org.testng.internal.MethodInvocationHelper.invokeMethod(MethodInvocationHelper.java:133)
at org.testng.internal.TestInvoker.invokeMethod(TestInvoker.java:598)
at org.testng.internal.TestInvoker.invokeTestMethod(TestInvoker.java:173)
at org.testng.internal.MethodRunner.runInSequence(MethodRunner.java:46)
at org.testng.internal.TestInvoker$MethodInvocationAgent.invoke(TestInvoker.java:824)
at org.testng.internal.TestInvoker.invokeTestMethods(TestInvoker.java:146)
at org.testng.internal.TestMethodWorker.invokeTestMethods(TestMethodWorker.java:146)
at org.testng.internal.TestMethodWorker.run(TestMethodWorker.java:128)
at java.base/java.util.ArrayList.forEach(ArrayList.java:1511)
at org.testng.TestRunner.privateRun(TestRunner.java:794)
at org.testng.TestRunner.run(TestRunner.java:596)
at org.testng.SuiteRunner.runTest(SuiteRunner.java:377)
at org.testng.SuiteRunner.runSequentially(SuiteRunner.java:371)
at org.testng.SuiteRunner.privateRun(SuiteRunner.java:332)
at org.testng.SuiteRunner.run(SuiteRunner.java:276)
at org.testng.SuiteRunnerWorker.runSuite(SuiteRunnerWorker.java:53)
at org.testng.SuiteRunnerWorker.run(SuiteRunnerWorker.java:96)
at org.testng.TestNG.runSuitesSequentially(TestNG.java:1212)
at org.testng.TestNG.runSuitesLocally(TestNG.java:1134)
at org.testng.TestNG.runSuites(TestNG.java:1063)
at org.testng.TestNG.run(TestNG.java:1031)
at org.testng.remote.AbstractRemoteTestNG.run(AbstractRemoteTestNG.java:115)
at org.testng.remote.RemoteTestNG.initAndRun(RemoteTestNG.java:251)
at org.testng.remote.RemoteTestNG.main(RemoteTestNG.java:77)
]]>
    </failure>
  </testcase> <!-- Footer_address_Functionality -->
  <system-out/>
  <testcase classname="com.Neckermann.TestClass.Footer__Functionality" name="Footer_footercontent_Functionality">
    <skipped/>
  </testcase> <!-- Footer_footercontent_Functionality -->
  <system-out/>
  <testcase classname="com.Neckermann.TestClass.Footer__Functionality" name="Footer_SocialMedia_Pininsert_Functionality">
    <skipped/>
  </testcase> <!-- Footer_SocialMedia_Pininsert_Functionality -->
  <system-out/>
  <testcase classname="com.Neckermann.TestClass.Footer__Functionality" name="Footer_container_visiblity_Functionality1">
    <skipped/>
  </testcase> <!-- Footer_container_visiblity_Functionality1 -->
  <system-out/>
  <testcase classname="com.Neckermann.TestClass.Footer__Functionality" name="Footer_footerCivilaviationLink_Functionality">
    <skipped/>
  </testcase> <!-- Footer_footerCivilaviationLink_Functionality -->
  <system-out/>
  <testcase classname="com.Neckermann.TestClass.Footer__Functionality" name="Footer_logo_visiblity_Functionality">
    <skipped/>
  </testcase> <!-- Footer_logo_visiblity_Functionality -->
  <system-out/>
  <testcase classname="com.Neckermann.TestClass.Footer__Functionality" name="Footer_Legal_Functionality">
    <skipped/>
  </testcase> <!-- Footer_Legal_Functionality -->
  <system-out/>
  <testcase classname="com.Neckermann.TestClass.Footer__Functionality" name="Footer_SocialMedia_Facebook_Functionality">
    <skipped/>
  </testcase> <!-- Footer_SocialMedia_Facebook_Functionality -->
  <system-out/>
  <testcase classname="com.Neckermann.TestClass.Footer__Functionality" name="Footer_SocialMedia_Ticktok_Functionality">
    <skipped/>
  </testcase> <!-- Footer_SocialMedia_Ticktok_Functionality -->
  <system-out/>
  <testcase classname="com.Neckermann.TestClass.Footer__Functionality" name="Footer_Holidays_Functionality">
    <skipped/>
  </testcase> <!-- Footer_Holidays_Functionality -->
  <system-out/>
  <testcase classname="com.Neckermann.TestClass.Footer__Functionality" name="Footer_clicklogo_Functionality">
    <skipped/>
  </testcase> <!-- Footer_clicklogo_Functionality -->
  <system-out/>
  <testcase classname="com.Neckermann.TestClass.Footer__Functionality" name="Footer_SocialMedia_Instagram_Functionality">
    <skipped/>
  </testcase> <!-- Footer_SocialMedia_Instagram_Functionality -->
  <system-out/>
  <testcase classname="com.Neckermann.TestClass.Footer__Functionality" name="Footer_company_Functionality">
    <skipped/>
  </testcase> <!-- Footer_company_Functionality -->
  <system-out/>
</testsuite> <!-- com.Neckermann.TestClass.Footer__Functionality -->
